<?xml version="1.0" encoding="UTF-8"?>
<!-- Generated by org.testng.reporters.JUnitReportReporter -->
<testsuite hostname="Arisha-PC" failures="0" tests="4" name="SeleniumVersion4.SeleniumPractice.Registration" time="35.161" errors="0" timestamp="2023-08-06T23:30:32 EDT" skipped="0">
  <testcase classname="SeleniumVersion4.SeleniumPractice.Registration" name="registrationPageWithValidDataMandatoryField" time="8.425"/>
  <system-out/>
  <testcase classname="SeleniumVersion4.SeleniumPractice.Registration" name="registrationPageWithValidDataAllField" time="9.582"/>
  <system-out/>
  <testcase classname="SeleniumVersion4.SeleniumPractice.Registration" name="verifyRegisterAccountWithoutFillingAnyDetails" time="8.503"/>
  <system-out/>
  <testcase classname="SeleniumVersion4.SeleniumPractice.Registration" name="registerWithExistingEmailId" time="8.651"/>
  <system-out/>
</testsuite> <!-- SeleniumVersion4.SeleniumPractice.Registration -->
