<?xml version="1.0" encoding="UTF-8"?>
<!-- Generated by org.testng.reporters.JUnitReportReporter -->
<testsuite hostname="Arisha-PC" failures="0" tests="3" name="SeleniumVersion4.SeleniumPractice.RegistrationTest" time="39.166" errors="0" timestamp="2023-07-28T18:18:05 EDT" skipped="0">
  <testcase classname="SeleniumVersion4.SeleniumPractice.RegistrationTest" name="registrationpagewithValidData" time="13.701"/>
  <system-out/>
  <testcase classname="SeleniumVersion4.SeleniumPractice.RegistrationTest" name="verifyRegisterAccountWithoutFillingAnyDetails" time="12.794"/>
  <system-out/>
  <testcase classname="SeleniumVersion4.SeleniumPractice.RegistrationTest" name="registerWithExistingEmailId" time="12.671"/>
  <system-out/>
</testsuite> <!-- SeleniumVersion4.SeleniumPractice.RegistrationTest -->
