<?xml version="1.0" encoding="UTF-8"?>
<!-- Generated by org.testng.reporters.JUnitReportReporter -->
<testsuite hostname="Arisha-PC" failures="0" tests="3" name="SeleniumVersion4.SeleniumPractice.productSearchTest" time="24.791" errors="0" timestamp="2023-07-31T10:50:56 EDT" skipped="0">
  <testcase classname="SeleniumVersion4.SeleniumPractice.productSearchTest" name="verifySearchWithValidProduct" time="9.471"/>
  <system-out/>
  <testcase classname="SeleniumVersion4.SeleniumPractice.productSearchTest" name="verifySearchWithInValidProduct" time="8.136"/>
  <system-out/>
  <testcase classname="SeleniumVersion4.SeleniumPractice.productSearchTest" name="verifySearchWithOutAnyProduct" time="7.184"/>
  <system-out/>
</testsuite> <!-- SeleniumVersion4.SeleniumPractice.productSearchTest -->
