<?xml version="1.0" encoding="UTF-8"?>
<!-- Generated by org.testng.reporters.JUnitReportReporter -->
<testsuite hostname="Arisha-PC" failures="0" tests="2" name="SeleniumVersion4.SeleniumPractice.Selenium4Features" time="16.146" errors="0" timestamp="2023-07-28T18:18:05 EDT" skipped="0">
  <testcase classname="SeleniumVersion4.SeleniumPractice.Selenium4Features" name="launchBrower" time="7.048"/>
  <system-out/>
  <testcase classname="SeleniumVersion4.SeleniumPractice.Selenium4Features" name="verifyLoginWithInvalidCredentials" time="9.098"/>
  <system-out/>
</testsuite> <!-- SeleniumVersion4.SeleniumPractice.Selenium4Features -->
