<?xml version="1.0" encoding="UTF-8"?>
<!-- Generated by org.testng.reporters.JUnitReportReporter -->
<testsuite hostname="Arisha-PC" failures="0" tests="1" name="SeleniumVersion4.SeleniumPractice.Login" time="8.669" errors="0" timestamp="2023-08-06T23:34:56 EDT" skipped="0">
  <testcase classname="SeleniumVersion4.SeleniumPractice.Login" name="verifyLoginWithInvalidPwd" time="8.669"/>
  <system-out/>
</testsuite> <!-- SeleniumVersion4.SeleniumPractice.Login -->
